# JRE version: Java(TM) SE Runtime Environment (8.0_291-b10) (build 1.8.0_291-b10)
# Java VM: Java HotSpot(TM) 64-Bit Server VM (25.291-b10 mixed mode windows-amd64 compressed oops)
Heap:
 PSYoungGen      total 345600K, used 203757K [0x000000076b500000, 0x0000000785f80000, 0x00000007c0000000)
  eden space 325120K, 56% used [0x000000076b500000,0x00000007767fd280,0x000000077f280000)
  from space 20480K, 99% used [0x000000077f280000,0x000000078067e520,0x0000000780680000)
  to   space 28160K, 0% used [0x0000000784400000,0x0000000784400000,0x0000000785f80000)
 ParOldGen       total 163840K, used 45212K [0x00000006c1e00000, 0x00000006cbe00000, 0x000000076b500000)
  object space 163840K, 27% used [0x00000006c1e00000,0x00000006c4a272f8,0x00000006cbe00000)
 Metaspace       used 79371K, capacity 84740K, committed 84992K, reserved 1122304K
  class space    used 11041K, capacity 11920K, committed 12032K, reserved 1048576K
GC Heap History (10 events):
Event: 12.722 GC heap before
{Heap before GC invocations=12 (full 2):
 PSYoungGen      total 269824K, used 268363K [0x000000076b500000, 0x0000000781680000, 0x00000007c0000000)
  eden space 254976K, 100% used [0x000000076b500000,0x000000077ae00000,0x000000077ae00000)
  from space 14848K, 90% used [0x000000077ae00000,0x000000077bb12d58,0x000000077bc80000)
  to   space 15872K, 0% used [0x0000000780700000,0x0000000780700000,0x0000000781680000)
 ParOldGen       total 163840K, used 16995K [0x00000006c1e00000, 0x00000006cbe00000, 0x000000076b500000)
  object space 163840K, 10% used [0x00000006c1e00000,0x00000006c2e98dd0,0x00000006cbe00000)
 Metaspace       used 53873K, capacity 56532K, committed 56704K, reserved 1097728K
  class space    used 7573K, capacity 8060K, committed 8064K, reserved 1048576K
Event: 12.738 GC heap after
Heap after GC invocations=12 (full 2):
 PSYoungGen      total 340992K, used 15869K [0x000000076b500000, 0x0000000781a80000, 0x00000007c0000000)
  eden space 325120K, 0% used [0x000000076b500000,0x000000076b500000,0x000000077f280000)
  from space 15872K, 99% used [0x0000000780700000,0x000000078167f700,0x0000000781680000)
  to   space 20480K, 0% used [0x000000077f280000,0x000000077f280000,0x0000000780680000)
 ParOldGen       total 163840K, used 25162K [0x00000006c1e00000, 0x00000006cbe00000, 0x000000076b500000)
  object space 163840K, 15% used [0x00000006c1e00000,0x00000006c3692840,0x00000006cbe00000)
 Metaspace       used 53873K, capacity 56532K, committed 56704K, reserved 1097728K
  class space    used 7573K, capacity 8060K, committed 8064K, reserved 1048576K
}
Event: 15.176 GC heap before
{Heap before GC invocations=13 (full 2):
 PSYoungGen      total 340992K, used 219123K [0x000000076b500000, 0x0000000781a80000, 0x00000007c0000000)
  eden space 325120K, 62% used [0x000000076b500000,0x0000000777b7d568,0x000000077f280000)
  from space 15872K, 99% used [0x0000000780700000,0x000000078167f700,0x0000000781680000)
  to   space 20480K, 0% used [0x000000077f280000,0x000000077f280000,0x0000000780680000)
 ParOldGen       total 163840K, used 25162K [0x00000006c1e00000, 0x00000006cbe00000, 0x000000076b500000)
  object space 163840K, 15% used [0x00000006c1e00000,0x00000006c3692840,0x00000006cbe00000)
 Metaspace       used 56214K, capacity 58958K, committed 59028K, reserved 1099776K
  class space    used 7913K, capacity 8447K, committed 8448K, reserved 1048576K
Event: 15.195 GC heap after
Heap after GC invocations=13 (full 2):
 PSYoungGen      total 345600K, used 20473K [0x000000076b500000, 0x0000000781a80000, 0x00000007c0000000)
  eden space 325120K, 0% used [0x000000076b500000,0x000000076b500000,0x000000077f280000)
  from space 20480K, 99% used [0x000000077f280000,0x000000078067e450,0x0000000780680000)
  to   space 15872K, 0% used [0x0000000780700000,0x0000000780700000,0x0000000781680000)
 ParOldGen       total 163840K, used 28166K [0x00000006c1e00000, 0x00000006cbe00000, 0x000000076b500000)
  object space 163840K, 17% used [0x00000006c1e00000,0x00000006c3981950,0x00000006cbe00000)
 Metaspace       used 56214K, capacity 58958K, committed 59028K, reserved 1099776K
  class space    used 7913K, capacity 8447K, committed 8448K, reserved 1048576K
}
Event: 15.195 GC heap before
{Heap before GC invocations=14 (full 3):
 PSYoungGen      total 345600K, used 20473K [0x000000076b500000, 0x0000000781a80000, 0x00000007c0000000)
  eden space 325120K, 0% used [0x000000076b500000,0x000000076b500000,0x000000077f280000)
  from space 20480K, 99% used [0x000000077f280000,0x000000078067e450,0x0000000780680000)
  to   space 15872K, 0% used [0x0000000780700000,0x0000000780700000,0x0000000781680000)
 ParOldGen       total 163840K, used 28166K [0x00000006c1e00000, 0x00000006cbe00000, 0x000000076b500000)
  object space 163840K, 17% used [0x00000006c1e00000,0x00000006c3981950,0x00000006cbe00000)
 Metaspace       used 56214K, capacity 58958K, committed 59028K, reserved 1099776K
  class space    used 7913K, capacity 8447K, committed 8448K, reserved 1048576K
Event: 15.445 GC heap after
Heap after GC invocations=14 (full 3):
 PSYoungGen      total 345600K, used 0K [0x000000076b500000, 0x0000000781a80000, 0x00000007c0000000)
  eden space 325120K, 0% used [0x000000076b500000,0x000000076b500000,0x000000077f280000)
  from space 20480K, 0% used [0x000000077f280000,0x000000077f280000,0x0000000780680000)
  to   space 15872K, 0% used [0x0000000780700000,0x0000000780700000,0x0000000781680000)
 ParOldGen       total 163840K, used 38510K [0x00000006c1e00000, 0x00000006cbe00000, 0x000000076b500000)
  object space 163840K, 23% used [0x00000006c1e00000,0x00000006c439b930,0x00000006cbe00000)
 Metaspace       used 56214K, capacity 58958K, committed 59028K, reserved 1099776K
  class space    used 7913K, capacity 8447K, committed 8448K, reserved 1048576K
}
Event: 18.439 GC heap before
{Heap before GC invocations=15 (full 3):
 PSYoungGen      total 345600K, used 325120K [0x000000076b500000, 0x0000000781a80000, 0x00000007c0000000)
  eden space 325120K, 100% used [0x000000076b500000,0x000000077f280000,0x000000077f280000)
  from space 20480K, 0% used [0x000000077f280000,0x000000077f280000,0x0000000780680000)
  to   space 15872K, 0% used [0x0000000780700000,0x0000000780700000,0x0000000781680000)
 ParOldGen       total 163840K, used 38510K [0x00000006c1e00000, 0x00000006cbe00000, 0x000000076b500000)
  object space 163840K, 23% used [0x00000006c1e00000,0x00000006c439b930,0x00000006cbe00000)
 Metaspace       used 64950K, capacity 69274K, committed 69632K, reserved 1110016K
  class space    used 9154K, capacity 9877K, committed 9984K, reserved 1048576K
Event: 18.453 GC heap after
Heap after GC invocations=15 (full 3):
 PSYoungGen      total 340992K, used 15868K [0x000000076b500000, 0x0000000781a80000, 0x00000007c0000000)
  eden space 325120K, 0% used [0x000000076b500000,0x000000076b500000,0x000000077f280000)
  from space 15872K, 99% used [0x0000000780700000,0x000000078167f0b8,0x0000000781680000)
  to   space 20480K, 0% used [0x000000077f280000,0x000000077f280000,0x0000000780680000)
 ParOldGen       total 163840K, used 42081K [0x00000006c1e00000, 0x00000006cbe00000, 0x000000076b500000)
  object space 163840K, 25% used [0x00000006c1e00000,0x00000006c4718580,0x00000006cbe00000)
 Metaspace       used 64950K, capacity 69274K, committed 69632K, reserved 1110016K
  class space    used 9154K, capacity 9877K, committed 9984K, reserved 1048576K
}
Event: 22.747 GC heap before
{Heap before GC invocations=16 (full 3):
 PSYoungGen      total 340992K, used 340988K [0x000000076b500000, 0x0000000781a80000, 0x00000007c0000000)
  eden space 325120K, 100% used [0x000000076b500000,0x000000077f280000,0x000000077f280000)
  from space 15872K, 99% used [0x0000000780700000,0x000000078167f0b8,0x0000000781680000)
  to   space 20480K, 0% used [0x000000077f280000,0x000000077f280000,0x0000000780680000)
 ParOldGen       total 163840K, used 42081K [0x00000006c1e00000, 0x00000006cbe00000, 0x000000076b500000)
  object space 163840K, 25% used [0x00000006c1e00000,0x00000006c4718580,0x00000006cbe00000)
 Metaspace       used 71695K, capacity 76726K, committed 76928K, reserved 1116160K
  class space    used 9917K, capacity 10759K, committed 10880K, reserved 1048576K
Event: 22.778 GC heap after
Heap after GC invocations=16 (full 3):
 PSYoungGen      total 345600K, used 20473K [0x000000076b500000, 0x0000000785f80000, 0x00000007c0000000)
  eden space 325120K, 0% used [0x000000076b500000,0x000000076b500000,0x000000077f280000)
  from space 20480K, 99% used [0x000000077f280000,0x000000078067e520,0x0000000780680000)
  to   space 28160K, 0% used [0x0000000784400000,0x0000000784400000,0x0000000785f80000)
 ParOldGen       total 163840K, used 45212K [0x00000006c1e00000, 0x00000006cbe00000, 0x000000076b500000)
  object space 163840K, 27% used [0x00000006c1e00000,0x00000006c4a272f8,0x00000006cbe00000)
 Metaspace       used 71695K, capacity 76726K, committed 76928K, reserved 1116160K
  class space    used 9917K, capacity 10759K, committed 10880K, reserved 1048576K
}

