# JRE version: Java(TM) SE Runtime Environment (8.0_291-b10) (build 1.8.0_291-b10)
# Java VM: Java HotSpot(TM) 64-Bit Server VM (25.291-b10 mixed mode windows-amd64 compressed oops)
Heap:
 PSYoungGen      total 555008K, used 58430K [0x000000076b500000, 0x000000078f680000, 0x00000007c0000000)
  eden space 540160K, 8% used [0x000000076b500000,0x000000076e1efee8,0x000000078c480000)
  from space 14848K, 83% used [0x000000078e800000,0x000000078f41fc38,0x000000078f680000)
  to   space 25600K, 0% used [0x000000078c480000,0x000000078c480000,0x000000078dd80000)
 ParOldGen       total 214016K, used 58534K [0x00000006c1e00000, 0x00000006cef00000, 0x000000076b500000)
  object space 214016K, 27% used [0x00000006c1e00000,0x00000006c5729a90,0x00000006cef00000)
 Metaspace       used 75821K, capacity 81128K, committed 81368K, reserved 1120256K
  class space    used 10514K, capacity 11396K, committed 11520K, reserved 1048576K
GC Heap History (10 events):
Event: 10.774 GC heap before
{Heap before GC invocations=11 (full 2):
 PSYoungGen      total 365568K, used 353792K [0x000000076b500000, 0x0000000786b00000, 0x00000007c0000000)
  eden space 353792K, 100% used [0x000000076b500000,0x0000000780e80000,0x0000000780e80000)
  from space 11776K, 0% used [0x0000000781c80000,0x0000000781c80000,0x0000000782800000)
  to   space 14336K, 0% used [0x0000000780e80000,0x0000000780e80000,0x0000000781c80000)
 ParOldGen       total 142336K, used 20937K [0x00000006c1e00000, 0x00000006ca900000, 0x000000076b500000)
  object space 142336K, 14% used [0x00000006c1e00000,0x00000006c32724b0,0x00000006ca900000)
 Metaspace       used 46422K, capacity 49002K, committed 49112K, reserved 1091584K
  class space    used 6438K, capacity 6907K, committed 6912K, reserved 1048576K
Event: 10.788 GC heap after
Heap after GC invocations=11 (full 2):
 PSYoungGen      total 368128K, used 14334K [0x000000076b500000, 0x000000078a180000, 0x00000007c0000000)
  eden space 353792K, 0% used [0x000000076b500000,0x000000076b500000,0x0000000780e80000)
  from space 14336K, 99% used [0x0000000780e80000,0x0000000781c7f938,0x0000000781c80000)
  to   space 17920K, 0% used [0x0000000789000000,0x0000000789000000,0x000000078a180000)
 ParOldGen       total 142336K, used 26751K [0x00000006c1e00000, 0x00000006ca900000, 0x000000076b500000)
  object space 142336K, 18% used [0x00000006c1e00000,0x00000006c381ff48,0x00000006ca900000)
 Metaspace       used 46422K, capacity 49002K, committed 49112K, reserved 1091584K
  class space    used 6438K, capacity 6907K, committed 6912K, reserved 1048576K
}
Event: 13.967 GC heap before
{Heap before GC invocations=12 (full 2):
 PSYoungGen      total 368128K, used 351430K [0x000000076b500000, 0x000000078a180000, 0x00000007c0000000)
  eden space 353792K, 95% used [0x000000076b500000,0x000000077fe322a8,0x0000000780e80000)
  from space 14336K, 99% used [0x0000000780e80000,0x0000000781c7f938,0x0000000781c80000)
  to   space 17920K, 0% used [0x0000000789000000,0x0000000789000000,0x000000078a180000)
 ParOldGen       total 142336K, used 26751K [0x00000006c1e00000, 0x00000006ca900000, 0x000000076b500000)
  object space 142336K, 18% used [0x00000006c1e00000,0x00000006c381ff48,0x00000006ca900000)
 Metaspace       used 56053K, capacity 59012K, committed 59028K, reserved 1099776K
  class space    used 7885K, capacity 8434K, committed 8448K, reserved 1048576K
Event: 13.986 GC heap after
Heap after GC invocations=12 (full 2):
 PSYoungGen      total 478208K, used 17908K [0x000000076b500000, 0x000000078a380000, 0x00000007c0000000)
  eden space 460288K, 0% used [0x000000076b500000,0x000000076b500000,0x0000000787680000)
  from space 17920K, 99% used [0x0000000789000000,0x000000078a17d028,0x000000078a180000)
  to   space 23040K, 0% used [0x0000000787680000,0x0000000787680000,0x0000000788d00000)
 ParOldGen       total 142336K, used 35308K [0x00000006c1e00000, 0x00000006ca900000, 0x000000076b500000)
  object space 142336K, 24% used [0x00000006c1e00000,0x00000006c407b048,0x00000006ca900000)
 Metaspace       used 56053K, capacity 59012K, committed 59028K, reserved 1099776K
  class space    used 7885K, capacity 8434K, committed 8448K, reserved 1048576K
}
Event: 13.986 GC heap before
{Heap before GC invocations=13 (full 3):
 PSYoungGen      total 478208K, used 17908K [0x000000076b500000, 0x000000078a380000, 0x00000007c0000000)
  eden space 460288K, 0% used [0x000000076b500000,0x000000076b500000,0x0000000787680000)
  from space 17920K, 99% used [0x0000000789000000,0x000000078a17d028,0x000000078a180000)
  to   space 23040K, 0% used [0x0000000787680000,0x0000000787680000,0x0000000788d00000)
 ParOldGen       total 142336K, used 35308K [0x00000006c1e00000, 0x00000006ca900000, 0x000000076b500000)
  object space 142336K, 24% used [0x00000006c1e00000,0x00000006c407b048,0x00000006ca900000)
 Metaspace       used 56053K, capacity 59012K, committed 59028K, reserved 1099776K
  class space    used 7885K, capacity 8434K, committed 8448K, reserved 1048576K
Event: 14.221 GC heap after
Heap after GC invocations=13 (full 3):
 PSYoungGen      total 478208K, used 0K [0x000000076b500000, 0x000000078a380000, 0x00000007c0000000)
  eden space 460288K, 0% used [0x000000076b500000,0x000000076b500000,0x0000000787680000)
  from space 17920K, 0% used [0x0000000789000000,0x0000000789000000,0x000000078a180000)
  to   space 23040K, 0% used [0x0000000787680000,0x0000000787680000,0x0000000788d00000)
 ParOldGen       total 214016K, used 42139K [0x00000006c1e00000, 0x00000006cef00000, 0x000000076b500000)
  object space 214016K, 19% used [0x00000006c1e00000,0x00000006c4726fb0,0x00000006cef00000)
 Metaspace       used 56053K, capacity 59012K, committed 59028K, reserved 1099776K
  class space    used 7885K, capacity 8434K, committed 8448K, reserved 1048576K
}
Event: 18.822 GC heap before
{Heap before GC invocations=14 (full 3):
 PSYoungGen      total 478208K, used 460288K [0x000000076b500000, 0x000000078a380000, 0x00000007c0000000)
  eden space 460288K, 100% used [0x000000076b500000,0x0000000787680000,0x0000000787680000)
  from space 17920K, 0% used [0x0000000789000000,0x0000000789000000,0x000000078a180000)
  to   space 23040K, 0% used [0x0000000787680000,0x0000000787680000,0x0000000788d00000)
 ParOldGen       total 214016K, used 42139K [0x00000006c1e00000, 0x00000006cef00000, 0x000000076b500000)
  object space 214016K, 19% used [0x00000006c1e00000,0x00000006c4726fb0,0x00000006cef00000)
 Metaspace       used 67036K, capacity 71250K, committed 71384K, reserved 1110016K
  class space    used 9419K, capacity 10175K, committed 10240K, reserved 1048576K
Event: 18.841 GC heap after
Heap after GC invocations=14 (full 3):
 PSYoungGen      total 483328K, used 23033K [0x000000076b500000, 0x0000000790200000, 0x00000007c0000000)
  eden space 460288K, 0% used [0x000000076b500000,0x000000076b500000,0x0000000787680000)
  from space 23040K, 99% used [0x0000000787680000,0x0000000788cfe558,0x0000000788d00000)
  to   space 26624K, 0% used [0x000000078e800000,0x000000078e800000,0x0000000790200000)
 ParOldGen       total 214016K, used 43754K [0x00000006c1e00000, 0x00000006cef00000, 0x000000076b500000)
  object space 214016K, 20% used [0x00000006c1e00000,0x00000006c48ba8f0,0x00000006cef00000)
 Metaspace       used 67036K, capacity 71250K, committed 71384K, reserved 1110016K
  class space    used 9419K, capacity 10175K, committed 10240K, reserved 1048576K
}
Event: 24.755 GC heap before
{Heap before GC invocations=15 (full 3):
 PSYoungGen      total 483328K, used 483321K [0x000000076b500000, 0x0000000790200000, 0x00000007c0000000)
  eden space 460288K, 100% used [0x000000076b500000,0x0000000787680000,0x0000000787680000)
  from space 23040K, 99% used [0x0000000787680000,0x0000000788cfe558,0x0000000788d00000)
  to   space 26624K, 0% used [0x000000078e800000,0x000000078e800000,0x0000000790200000)
 ParOldGen       total 214016K, used 43754K [0x00000006c1e00000, 0x00000006cef00000, 0x000000076b500000)
  object space 214016K, 20% used [0x00000006c1e00000,0x00000006c48ba8f0,0x00000006cef00000)
 Metaspace       used 73556K, capacity 78714K, committed 78936K, reserved 1118208K
  class space    used 10220K, capacity 11069K, committed 11136K, reserved 1048576K
Event: 24.776 GC heap after
Heap after GC invocations=15 (full 3):
 PSYoungGen      total 555008K, used 12415K [0x000000076b500000, 0x000000078f680000, 0x00000007c0000000)
  eden space 540160K, 0% used [0x000000076b500000,0x000000076b500000,0x000000078c480000)
  from space 14848K, 83% used [0x000000078e800000,0x000000078f41fc38,0x000000078f680000)
  to   space 25600K, 0% used [0x000000078c480000,0x000000078c480000,0x000000078dd80000)
 ParOldGen       total 214016K, used 58534K [0x00000006c1e00000, 0x00000006cef00000, 0x000000076b500000)
  object space 214016K, 27% used [0x00000006c1e00000,0x00000006c5729a90,0x00000006cef00000)
 Metaspace       used 73556K, capacity 78714K, committed 78936K, reserved 1118208K
  class space    used 10220K, capacity 11069K, committed 11136K, reserved 1048576K
}

